<?xml version="1.0" encoding="utf-8"?><testsuites name="pytest tests"><testsuite name="pytest" errors="0" failures="1" skipped="0" tests="36" time="14.062" timestamp="2026-08-20T17:39:54.353568+00:00" hostname="agent-env-306aca53-7a91-43a6-871e-9830b740d4f9"><testcase classname="tests.backend_test.TestAuth" name="test_login_success_sets_cookie" time="0.523" /><testcase classname="tests.backend_test.TestBoard" name="test_board_requires_auth" time="0.521" /><testcase classname="tests.backend_test.TestAuth" name="test_login_wrong_password" time="0.454" /><testcase classname="tests.backend_test.TestAuth" name="test_login_unknown_email" time="0.278" /><testcase classname="tests.backend_test.TestAuth" name="test_login_invalid_email_format" time="0.200" /><testcase classname="tests.backend_test.TestBoard" name="test_board_invalid_date" time="0.926" /><testcase classname="tests.backend_test.TestBoard" name="test_board_missing_date_param" time="0.128" /><testcase classname="tests.backend_test.TestAuth" name="test_me_unauthenticated" time="0.188" /><testcase classname="tests.backend_test.TestBoard" name="test_board_shape" time="0.118" /><testcase classname="tests.backend_test.TestAuth" name="test_me_authenticated" time="0.481" /><testcase classname="tests.backend_test.TestBoard" name="test_save_day_and_persist" time="0.372" /><testcase classname="tests.backend_test.TestBoard" name="test_save_day_invalid_date" time="0.222" /><testcase classname="tests.backend_test.TestAuth" name="test_register_and_duplicate_and_short_password" time="0.874" /><testcase classname="tests.backend_test.TestBoard" name="test_save_day_requires_auth" time="0.241" /><testcase classname="tests.backend_test.TestBoard" name="test_backlog_crud" time="1.131" /><testcase classname="tests.backend_test.TestAuth" name="test_logout_clears_session" time="0.723" /><testcase classname="tests.backend_test.TestBoard" name="test_backlog_autogen_id" time="0.291" /><testcase classname="tests.backend_test.TestAuth" name="test_google_session_missing_id" time="0.226" /><testcase classname="tests.backend_test.TestBoard" name="test_settings_persist_and_validation" time="0.638" /><testcase classname="tests.backend_test.TestAuth" name="test_google_session_invalid_id" time="0.301" /><testcase classname="tests.backend_test.TestAuth" name="test_bearer_session_token_auth" time="0.565" /><testcase classname="tests.backend_test.TestAuth" name="test_bcrypt_hash_format" time="0.022" /><testcase classname="tests.backend_test.TestAuth" name="test_brute_force_lockout" time="3.240"><failure message="AssertionError: No lockout; codes=[401, 401, 401, 401, 401, 401]&#10;assert False&#10; +  where False = any(&lt;generator object TestAuth.test_brute_force_lockout.&lt;locals&gt;.&lt;genexpr&gt; at 0xfc7dd4cb1ff0&gt;)">self = &lt;backend_test.TestAuth object at 0xfc7dd436dc90&gt;

    def test_brute_force_lockout(self):
        """Playbook expects lockout after 5 failed attempts."""
        email = f"TEST_bf_{uuid.uuid4().hex[:8]}@example.com".lower()
        requests.post(f"{API}/auth/register", json={"email": email, "password": "secret1"})
        codes = []
        for _ in range(6):
            codes.append(requests.post(f"{API}/auth/login",
                                       json={"email": email, "password": "badpass"}).status_code)
&gt;       assert any(c == 429 for c in codes), f"No lockout; codes={codes}"
E       AssertionError: No lockout; codes=[401, 401, 401, 401, 401, 401]
E       assert False
E        +  where False = any(&lt;generator object TestAuth.test_brute_force_lockout.&lt;locals&gt;.&lt;genexpr&gt; at 0xfc7dd4cb1ff0&gt;)

tests/backend_test.py:174: AssertionError</failure></testcase><testcase classname="tests.test_enhancements.TestCarryWeekdaysAndInterval" name="test_weekend_excluded_blocks_saturday" time="1.320" /><testcase classname="tests.test_enhancements.TestCarryWeekdaysAndInterval" name="test_custom_interval_requires_elapsed_days" time="1.821" /><testcase classname="tests.test_enhancements.TestCarryWeekdaysAndInterval" name="test_weekly_interval_step_is_seven" time="1.177" /><testcase classname="tests.test_enhancements.TestSettingsSchema" name="test_defaults_and_round_trip" time="0.766" /><testcase classname="tests.backend_test.TestRollover" name="test_rollover_moves_only_open_tasks" time="0.847" /><testcase classname="tests.test_enhancements.TestSettingsSchema" name="test_invalid_values_sanitised" time="0.847" /><testcase classname="tests.test_enhancements.TestSettingsSchema" name="test_settings_requires_auth" time="0.405" /><testcase classname="tests.backend_test.TestRollover" name="test_rollover_workdays_skips_weekend" time="0.890" /><testcase classname="tests.test_enhancements.TestGroupCarryOver" name="test_open_task_carries_its_notes_and_subtasks" time="0.766" /><testcase classname="tests.backend_test.TestHealth" name="test_root" time="0.176" /><testcase classname="tests.backend_test.TestIsolation" name="test_users_do_not_see_each_others_data" time="1.167" /><testcase classname="tests.test_enhancements.TestGroupCarryOver" name="test_rollover_disabled_keeps_task_in_past" time="1.285" /><testcase classname="tests.test_enhancements.TestBacklogNotes" name="test_backlog_item_notes_persist" time="0.826" /></testsuite></testsuites>